<?xml version="1.0" encoding="UTF-8"?>
<testng-results ignored="0" total="2" passed="2" failed="0" skipped="0">
  <reporter-output>
  </reporter-output>
  <suite started-at="2021-11-24T16:16:29 IST" name="Default suite" finished-at="2021-11-24T16:16:29 IST" duration-ms="169">
    <groups>
    </groups>
    <test started-at="2021-11-24T16:16:29 IST" name="Default test" finished-at="2021-11-24T16:16:29 IST" duration-ms="169">
      <class name="com.mvn.proj.IgnorePrg">
        <test-method signature="Grocery()[pri:0, instance:com.mvn.proj.IgnorePrg@1e6454ec]" started-at="2021-11-24T16:16:29 IST" name="Grocery" finished-at="2021-11-24T16:16:29 IST" duration-ms="24" status="PASS">
          <reporter-output>
          </reporter-output>
        </test-method> <!-- Grocery -->
        <test-method signature="Laptop()[pri:0, instance:com.mvn.proj.IgnorePrg@1e6454ec]" started-at="2021-11-24T16:16:29 IST" name="Laptop" finished-at="2021-11-24T16:16:29 IST" duration-ms="2" status="PASS">
          <reporter-output>
          </reporter-output>
        </test-method> <!-- Laptop -->
      </class> <!-- com.mvn.proj.IgnorePrg -->
    </test> <!-- Default test -->
  </suite> <!-- Default suite -->
</testng-results>
